
Showing logs for build [32mcb-kubecd-bdd-gh-1581599257-pr-pqnqs-1[0m stage [32mfrom-build-pack[0m and container [32mstep-credential-initializer-9bjqg[0m
{"level":"warn","ts":1581605938.5237086,"logger":"fallback-logger","caller":"logging/config.go:69","msg":"Fetch GitHub commit ID from kodata failed: \"ref: refs/heads/0.8.0-**-support-backwards-incompats\" is not a valid GitHub commit ID"}
{"level":"info","ts":1581605938.524062,"logger":"fallback-logger","caller":"creds-init/main.go:40","msg":"Credentials initialized."}

Showing logs for build [32mcb-kubecd-bdd-gh-1581599257-pr-pqnqs-1[0m stage [32mfrom-build-pack[0m and container [32mstep-working-dir-initializer-8g88w[0m
{"level":"warn","ts":1581605939.480735,"logger":"fallback-logger","caller":"logging/config.go:69","msg":"Fetch GitHub commit ID from kodata failed: open /var/run/ko/HEAD: no such file or directory"}
{"level":"info","ts":1581605939.4815521,"logger":"fallback-logger","caller":"bash/main.go:64","msg":"Successfully executed command \"sh -c mkdir -p /workspace/source\"; output "}

Showing logs for build [32mcb-kubecd-bdd-gh-1581599257-pr-pqnqs-1[0m stage [32mfrom-build-pack[0m and container [32mstep-place-tools[0m

Showing logs for build [32mcb-kubecd-bdd-gh-1581599257-pr-pqnqs-1[0m stage [32mfrom-build-pack[0m and container [32mstep-git-source-cb-kubecd-bdd-gh-1581599257-pr-pqnqs-ql9f9[0m
{"level":"warn","ts":1581605944.5805194,"logger":"fallback-logger","caller":"logging/config.go:69","msg":"Fetch GitHub commit ID from kodata failed: \"ref: refs/heads/0.8.0-**-support-backwards-incompats\" is not a valid GitHub commit ID"}
{"level":"info","ts":1581605944.780582,"logger":"fallback-logger","caller":"git/git.go:103","msg":"Successfully cloned https://github.com/cb-kubecd/bdd-gh-1581599257.git @ master in path /workspace/source"}

Showing logs for build [32mcb-kubecd-bdd-gh-1581599257-pr-pqnqs-1[0m stage [32mfrom-build-pack[0m and container [32mstep-git-merge[0m
Using SHAs from PULL_REFS=master:b6a69d9158d0ff5bbe335fdba4a9585148bcf9f8,1:6afa1909e2e30fa32db7b1694dc7305675170b70
DEBUG: LC_ALL=C JX_LOG_LEVEL=error git fetch origin --unshallow 6afa1909e2e30fa32db7b1694dc7305675170b70: b6a69d9158d0ff5bbe335fdba4a9585148bcf9f8:
DEBUG: ran git fetch --unshallow origin 6afa1909e2e30fa32db7b1694dc7305675170b70: b6a69d9158d0ff5bbe335fdba4a9585148bcf9f8: in 
DEBUG: LC_ALL=C JX_LOG_LEVEL=error git branch
DEBUG: JX_LOG_LEVEL=error LC_ALL=C git checkout master
DEBUG: ran git checkout master in 
DEBUG: LC_ALL=C JX_LOG_LEVEL=error git reset --hard b6a69d9158d0ff5bbe335fdba4a9585148bcf9f8
DEBUG: ran git reset --hard b6a69d9158d0ff5bbe335fdba4a9585148bcf9f8 in 
DEBUG: LC_ALL=C JX_LOG_LEVEL=error git clean -fd .
DEBUG: ran clean --force -d . in 
DEBUG: LC_ALL=C JX_LOG_LEVEL=error git merge 6afa1909e2e30fa32db7b1694dc7305675170b70
DEBUG: ran git merge 6afa1909e2e30fa32db7b1694dc7305675170b70 in 
DEBUG: LC_ALL=C JX_LOG_LEVEL=error git log --format=%H%x1f%an%x1f%ae%x1f%cn%x1f%ce%x1f%s%n%b%x1e b6a69d9158d0ff5bbe335fdba4a9585148bcf9f8..HEAD
Merged SHA 6afa1909e2e30fa32db7b1694dc7305675170b70 with commit message 'My first PR commit' into base branch master

Showing logs for build [32mcb-kubecd-bdd-gh-1581599257-pr-pqnqs-1[0m stage [32mfrom-build-pack[0m and container [32mstep-build-make-linux[0m
CGO_ENABLED=0 GOOS=linux GOARCH=amd64 GO15VENDOREXPERIMENT=1 go build -ldflags '' -o bin/bdd-gh-1581599257 main.go

Showing logs for build [32mcb-kubecd-bdd-gh-1581599257-pr-pqnqs-1[0m stage [32mfrom-build-pack[0m and container [32mstep-build-container-build[0m
[36mINFO[0m[0000] No base image, nothing to extract            
[36mINFO[0m[0000] cmd: EXPOSE                                  
[36mINFO[0m[0000] Adding exposed port: 8080/tcp                
[36mINFO[0m[0000] Using files from context: [/workspace/source/bin] 
[36mINFO[0m[0000] Skipping unpacking as no commands require it. 
[36mINFO[0m[0000] Taking snapshot of full filesystem...        
[36mINFO[0m[0000] EXPOSE 8080                                  
[36mINFO[0m[0000] cmd: EXPOSE                                  
[36mINFO[0m[0000] Adding exposed port: 8080/tcp                
[36mINFO[0m[0000] No files changed in this command, skipping snapshotting. 
[36mINFO[0m[0000] ENTRYPOINT ["/bdd-gh-1581599257"]            
[36mINFO[0m[0000] No files changed in this command, skipping snapshotting. 
[36mINFO[0m[0000] Using files from context: [/workspace/source/bin] 
[36mINFO[0m[0000] COPY ./bin/ /                                
[36mINFO[0m[0000] Taking snapshot of files...                  
2020/02/13 14:59:16 pushed blob: sha256:b2f99cbf95bec73d0b6570ed6146353704e0e68e86c58fed8a411a292a69e520
2020/02/13 14:59:16 pushed blob: sha256:dc18f564225b4ac4cbd65e27b25aef9a90102ba0f889d39ab7c29e188fbc3404
2020/02/13 14:59:16 296178596335.dkr.ecr.us-east-1.amazonaws.com/cb-kubecd/bdd-gh-1581599257:0.0.0-SNAPSHOT-PR-1-1: digest: sha256:5c758f7d0b17290f16767012856fd7b4277387f6245a7f3557ca4c19da8a15de size: 428

Showing logs for build [32mcb-kubecd-bdd-gh-1581599257-pr-pqnqs-1[0m stage [32mfrom-build-pack[0m and container [32mstep-postbuild-post-build[0m
no CVE provider running in the current ** namespace so skip adding image to be analysed

Showing logs for build [32mcb-kubecd-bdd-gh-1581599257-pr-pqnqs-1[0m stage [32mfrom-build-pack[0m and container [32mstep-promote-make-preview[0m
sed -i -e "s/version:.*/version: 0.0.0-SNAPSHOT-PR-1-1/" Chart.yaml
sed -i -e "s/version:.*/version: 0.0.0-SNAPSHOT-PR-1-1/" ../*/Chart.yaml
sed -i -e "s|repository:.*|repository: 296178596335.dkr.ecr.us-east-1.amazonaws.com\/cb-kubecd\/bdd-gh-1581599257|" values.yaml
sed -i -e "s/tag:.*/tag: 0.0.0-SNAPSHOT-PR-1-1/" values.yaml
echo "  version: 0.0.0-SNAPSHOT-PR-1-1" >> requirements.yaml
** step helm build
WARNING: No $CHART_REPOSITORY defined so using the default value of: http://jenkins-x-chartmuseum:8080
Adding missing Helm repo: storage.googleapis.com https://storage.googleapis.com/chartmuseum.jenkins-x.io
WARNING: No secrets found on "helm/repos" due: reading the secret "helm/repos" from vault: no secret "helm/repos" not found in vault
Read credentials for https://storage.googleapis.com/chartmuseum.jenkins-x.io from vault helm/repos
Successfully added Helm repository storage.googleapis.com.
Adding missing Helm repo: jenkins-x-chartmuseum http://jenkins-x-chartmuseum:8080
WARNING: No secrets found on "helm/repos" due: reading the secret "helm/repos" from vault: no secret "helm/repos" not found in vault
Read credentials for http://jenkins-x-chartmuseum:8080 from vault helm/repos
Successfully added Helm repository jenkins-x-chartmuseum.
WARNING: No $CHART_REPOSITORY defined so using the default value of: http://jenkins-x-chartmuseum:8080
Adding missing Helm repo: chartmuseum.jenkins-x.io http://chartmuseum.jenkins-x.io
WARNING: No secrets found on "helm/repos" due: reading the secret "helm/repos" from vault: no secret "helm/repos" not found in vault
Read credentials for http://chartmuseum.jenkins-x.io from vault helm/repos
Successfully added Helm repository chartmuseum.jenkins-x.io.

Showing logs for build [32mcb-kubecd-bdd-gh-1581599257-pr-pqnqs-1[0m stage [32mfrom-build-pack[0m and container [32mstep-promote-jx-preview[0m
Creating a preview
Created environment cb-kubecd-bdd-gh-1581599257-pr-1
Namespace **-cb-kubecd-bdd-gh-1581599257-pr-1 created 
expose:
  Annotations:
    helm.sh/hook: post-install,post-upgrade
    helm.sh/hook-delete-policy: hook-succeeded
  config:
    domain: 3.229.36.45.nip.io
    exposer: Ingress
    http: "true"
preview:
  image:
    repository: 296178596335.dkr.ecr.us-east-1.amazonaws.com/cb-kubecd/bdd-gh-1581599257
    tag: 0.0.0-SNAPSHOT-PR-1-1
Waiting for KV secrets engine to be ready for write...

Updating PipelineActivities cb-kubecd-bdd-gh-1581599257-pr-1-1 which has status 
WARNING: preview application http://bdd-gh-1581599257.**-cb-kubecd-bdd-gh-1581599257-pr-1.3.229.36.45.nip.io not available, error was 503 503 Service Temporarily Unavailable, delaying for: 1.330533919s
WARNING: preview application http://bdd-gh-1581599257.**-cb-kubecd-bdd-gh-1581599257-pr-1.3.229.36.45.nip.io not available, error was 503 503 Service Temporarily Unavailable, delaying for: 1.349975644s
Preview application is now available at: http://bdd-gh-1581599257.**-cb-kubecd-bdd-gh-1581599257-pr-1.3.229.36.45.nip.io
